#
# There is insufficient memory for the Java Runtime Environment to continue.
# Native memory allocation (malloc) failed to allocate 795056 bytes for Chunk::new
# Possible reasons:
#   The system is out of physical RAM or swap space
#   In 32 bit mode, the process size limit was hit
# Possible solutions:
#   Reduce memory load on the system
#   Increase physical memory or swap space
#   Check if swap backing store is full
#   Use 64 bit Java on a 64 bit OS
#   Decrease Java heap size (-Xmx/-Xms)
#   Decrease number of Java threads
#   Decrease Java thread stack sizes (-Xss)
#   Set larger code cache with -XX:ReservedCodeCacheSize=
# This output file may be truncated or incomplete.
#
#  Out of Memory Error (allocation.cpp:390), pid=8560, tid=6884
#
# JRE version: Java(TM) SE Runtime Environment (8.0_71-b15) (build 1.8.0_71-b15)
# Java VM: Java HotSpot(TM) 64-Bit Server VM (25.71-b15 mixed mode windows-amd64 compressed oops)
# Failed to write core dump. Minidumps are not enabled by default on client versions of Windows
#

---------------  T H R E A D  ---------------

Current thread (0x0000000014add000):  JavaThread "C2 CompilerThread0" daemon [_thread_in_native, id=6884, stack(0x0000000016130000,0x0000000016230000)]

Stack: [0x0000000016130000,0x0000000016230000]
[error occurred during error reporting (printing stack bounds), id 0xc0000005]

Native frames: (J=compiled Java code, j=interpreted, Vv=VM code, C=native code)


Current CompileTask:
C2:  19429 3802       4       org.eclipse.aether.util.graph.transformer.ConflictResolver::gatherConflictItems (111 bytes)


---------------  P R O C E S S  ---------------

Java Threads: ( => current thread )
  0x0000000016459000 JavaThread "Service Thread" daemon [_thread_blocked, id=11304, stack(0x0000000016830000,0x0000000016930000)]
  0x0000000014af4000 JavaThread "C1 CompilerThread2" daemon [_thread_blocked, id=10432, stack(0x0000000016330000,0x0000000016430000)]
  0x0000000014ae5800 JavaThread "C2 CompilerThread1" daemon [_thread_in_native, id=7864, stack(0x0000000016230000,0x0000000016330000)]
=>0x0000000014add000 JavaThread "C2 CompilerThread0" daemon [_thread_in_native, id=6884, stack(0x0000000016130000,0x0000000016230000)]
  0x0000000014adb000 JavaThread "Attach Listener" daemon [_thread_blocked, id=12228, stack(0x0000000016030000,0x0000000016130000)]
  0x0000000014ad9800 JavaThread "Signal Dispatcher" daemon [_thread_blocked, id=11404, stack(0x0000000015f30000,0x0000000016030000)]
  0x0000000002447800 JavaThread "Finalizer" daemon [_thread_blocked, id=11704, stack(0x0000000015d30000,0x0000000015e30000)]
  0x000000000243e800 JavaThread "Reference Handler" daemon [_thread_blocked, id=7932, stack(0x0000000015c30000,0x0000000015d30000)]
  0x00000000024ee000 JavaThread "main" [_thread_in_native, id=8384, stack(0x00000000021f0000,0x00000000022f0000)]

Other Threads:
  0x0000000014aa7800 VMThread [stack: 0x0000000015b30000,0x0000000015c30000] [id=1848]
  0x0000000016465800 WatcherThread [stack: 0x0000000016930000,0x0000000016a30000] [id=8904]

VM state:not at safepoint (normal execution)

VM Mutex/Monitor currently owned by a thread: None

Heap:
 PSYoungGen      total 140288K, used 7792K [0x00000000eb300000, 0x00000000f9200000, 0x0000000100000000)
  eden space 130560K, 5% used [0x00000000eb300000,0x00000000eba9c388,0x00000000f3280000)
  from space 9728K, 0% used [0x00000000f3280000,0x00000000f3280000,0x00000000f3c00000)
  to   space 9728K, 0% used [0x00000000f8880000,0x00000000f8880000,0x00000000f9200000)
 ParOldGen       total 41472K, used 13696K [0x00000000c1800000, 0x00000000c4080000, 0x00000000eb300000)
  object space 41472K, 33% used [0x00000000c1800000,0x00000000c2560018,0x00000000c4080000)
 Metaspace       used 20676K, capacity 21266K, committed 21552K, reserved 1069056K
  class space    used 2474K, capacity 2648K, committed 2688K, reserved 1048576K

Card table byte_map: [0x00000000118b0000,0x0000000011ab0000] byte_map_base: 0x00000000112a4000

Marking Bits: (ParMarkBitMap*) 0x000000006b1ef600
 Begin Bits: [0x0000000012000000, 0x0000000012fa0000)
 End Bits:   [0x0000000012fa0000, 0x0000000013f40000)

Polling page: 0x0000000000970000

CodeCache: size=245760Kb used=13306Kb max_used=13310Kb free=232454Kb
 bounds [0x00000000024f0000, 0x0000000003200000, 0x00000000114f0000]
 total_blobs=4126 nmethods=3746 adapters=292
 compilation: enabled

Compilation events (10 events):
Event: 19.381 Thread 0x0000000014add000 nmethod 3795 0x00000000031f81d0 code [0x00000000031f8460, 0x00000000031f9c60]
Event: 19.381 Thread 0x0000000014add000 3802       4       org.eclipse.aether.util.graph.transformer.ConflictResolver::gatherConflictItems (111 bytes)
Event: 19.385 Thread 0x0000000014af4000 3809       3       org.eclipse.sisu.inject.InjectorBindings::publishExactMatches (78 bytes)
Event: 19.386 Thread 0x0000000014af4000 nmethod 3809 0x00000000031f6790 code [0x00000000031f6a00, 0x00000000031f7898]
Event: 19.389 Thread 0x0000000014af4000 3810       3       java.util.jar.JarFile::match (116 bytes)
Event: 19.389 Thread 0x0000000014af4000 nmethod 3810 0x00000000031f5d90 code [0x00000000031f5f20, 0x00000000031f63f0]
Event: 19.397 Thread 0x0000000014af4000 3811       3       com.google.common.cache.LocalCache::usesAccessQueue (20 bytes)
Event: 19.398 Thread 0x0000000014af4000 nmethod 3811 0x00000000031f57d0 code [0x00000000031f5940, 0x00000000031f5cd0]
Event: 19.402 Thread 0x0000000014af4000 3813       3       java.util.Collections$EmptySet::toArray (5 bytes)
Event: 19.402 Thread 0x0000000014af4000 nmethod 3813 0x00000000031f5410 code [0x00000000031f5560, 0x00000000031f5730]

GC Heap History (10 events):
Event: 3.678 GC heap before
{Heap before GC invocations=6 (full 0):
 PSYoungGen      total 35328K, used 35296K [0x00000000eb300000, 0x00000000f0200000, 0x0000000100000000)
  eden space 32768K, 100% used [0x00000000eb300000,0x00000000ed300000,0x00000000ed300000)
  from space 2560K, 98% used [0x00000000ed300000,0x00000000ed578020,0x00000000ed580000)
  to   space 7680K, 0% used [0x00000000efa80000,0x00000000efa80000,0x00000000f0200000)
 ParOldGen       total 44032K, used 10739K [0x00000000c1800000, 0x00000000c4300000, 0x00000000eb300000)
  object space 44032K, 24% used [0x00000000c1800000,0x00000000c227cc98,0x00000000c4300000)
 Metaspace       used 15634K, capacity 15902K, committed 16128K, reserved 1062912K
  class space    used 1869K, capacity 1978K, committed 2048K, reserved 1048576K
Event: 3.688 GC heap after
Heap after GC invocations=6 (full 0):
 PSYoungGen      total 72192K, used 4576K [0x00000000eb300000, 0x00000000f0100000, 0x0000000100000000)
  eden space 65536K, 0% used [0x00000000eb300000,0x00000000eb300000,0x00000000ef300000)
  from space 6656K, 68% used [0x00000000efa80000,0x00000000efef8000,0x00000000f0100000)
  to   space 7168K, 0% used [0x00000000ef300000,0x00000000ef300000,0x00000000efa00000)
 ParOldGen       total 44032K, used 10747K [0x00000000c1800000, 0x00000000c4300000, 0x00000000eb300000)
  object space 44032K, 24% used [0x00000000c1800000,0x00000000c227ec98,0x00000000c4300000)
 Metaspace       used 15634K, capacity 15902K, committed 16128K, reserved 1062912K
  class space    used 1869K, capacity 1978K, committed 2048K, reserved 1048576K
}
Event: 5.858 GC heap before
{Heap before GC invocations=7 (full 0):
 PSYoungGen      total 72192K, used 70112K [0x00000000eb300000, 0x00000000f0100000, 0x0000000100000000)
  eden space 65536K, 100% used [0x00000000eb300000,0x00000000ef300000,0x00000000ef300000)
  from space 6656K, 68% used [0x00000000efa80000,0x00000000efef8000,0x00000000f0100000)
  to   space 7168K, 0% used [0x00000000ef300000,0x00000000ef300000,0x00000000efa00000)
 ParOldGen       total 44032K, used 10747K [0x00000000c1800000, 0x00000000c4300000, 0x00000000eb300000)
  object space 44032K, 24% used [0x00000000c1800000,0x00000000c227ec98,0x00000000c4300000)
 Metaspace       used 18383K, capacity 18830K, committed 19072K, reserved 1067008K
  class space    used 2170K, capacity 2333K, committed 2432K, reserved 1048576K
Event: 5.896 GC heap after
Heap after GC invocations=7 (full 0):
 PSYoungGen      total 72704K, used 7163K [0x00000000eb300000, 0x00000000f4500000, 0x0000000100000000)
  eden space 65536K, 0% used [0x00000000eb300000,0x00000000eb300000,0x00000000ef300000)
  from space 7168K, 99% used [0x00000000ef300000,0x00000000ef9fef40,0x00000000efa00000)
  to   space 9216K, 0% used [0x00000000f3c00000,0x00000000f3c00000,0x00000000f4500000)
 ParOldGen       total 44032K, used 12896K [0x00000000c1800000, 0x00000000c4300000, 0x00000000eb300000)
  object space 44032K, 29% used [0x00000000c1800000,0x00000000c2498100,0x00000000c4300000)
 Metaspace       used 18383K, capacity 18830K, committed 19072K, reserved 1067008K
  class space    used 2170K, capacity 2333K, committed 2432K, reserved 1048576K
}
Event: 7.241 GC heap before
{Heap before GC invocations=8 (full 0):
 PSYoungGen      total 72704K, used 72699K [0x00000000eb300000, 0x00000000f4500000, 0x0000000100000000)
  eden space 65536K, 100% used [0x00000000eb300000,0x00000000ef300000,0x00000000ef300000)
  from space 7168K, 99% used [0x00000000ef300000,0x00000000ef9fef40,0x00000000efa00000)
  to   space 9216K, 0% used [0x00000000f3c00000,0x00000000f3c00000,0x00000000f4500000)
 ParOldGen       total 44032K, used 12896K [0x00000000c1800000, 0x00000000c4300000, 0x00000000eb300000)
  object space 44032K, 29% used [0x00000000c1800000,0x00000000c2498100,0x00000000c4300000)
 Metaspace       used 20063K, capacity 20612K, committed 20864K, reserved 1067008K
  class space    used 2432K, capacity 2606K, committed 2688K, reserved 1048576K
Event: 7.255 GC heap after
Heap after GC invocations=8 (full 0):
 PSYoungGen      total 139776K, used 7503K [0x00000000eb300000, 0x00000000f4600000, 0x0000000100000000)
  eden space 130560K, 0% used [0x00000000eb300000,0x00000000eb300000,0x00000000f3280000)
  from space 9216K, 81% used [0x00000000f3c00000,0x00000000f4353ed8,0x00000000f4500000)
  to   space 9728K, 0% used [0x00000000f3280000,0x00000000f3280000,0x00000000f3c00000)
 ParOldGen       total 44032K, used 13585K [0x00000000c1800000, 0x00000000c4300000, 0x00000000eb300000)
  object space 44032K, 30% used [0x00000000c1800000,0x00000000c25444c8,0x00000000c4300000)
 Metaspace       used 20063K, capacity 20612K, committed 20864K, reserved 1067008K
  class space    used 2432K, capacity 2606K, committed 2688K, reserved 1048576K
}
Event: 18.736 GC heap before
{Heap before GC invocations=9 (full 0):
 PSYoungGen      total 139776K, used 116916K [0x00000000eb300000, 0x00000000f4600000, 0x0000000100000000)
  eden space 130560K, 83% used [0x00000000eb300000,0x00000000f1dd9208,0x00000000f3280000)
  from space 9216K, 81% used [0x00000000f3c00000,0x00000000f4353ed8,0x00000000f4500000)
  to   space 9728K, 0% used [0x00000000f3280000,0x00000000f3280000,0x00000000f3c00000)
 ParOldGen       total 44032K, used 13585K [0x00000000c1800000, 0x00000000c4300000, 0x00000000eb300000)
  object space 44032K, 30% used [0x00000000c1800000,0x00000000c25444c8,0x00000000c4300000)
 Metaspace       used 20607K, capacity 21116K, committed 21296K, reserved 1069056K
  class space    used 2465K, capacity 2642K, committed 2688K, reserved 1048576K
Event: 18.764 GC heap after
Heap after GC invocations=9 (full 0):
 PSYoungGen      total 140288K, used 6784K [0x00000000eb300000, 0x00000000f9200000, 0x0000000100000000)
  eden space 130560K, 0% used [0x00000000eb300000,0x00000000eb300000,0x00000000f3280000)
  from space 9728K, 69% used [0x00000000f3280000,0x00000000f3920000,0x00000000f3c00000)
  to   space 9728K, 0% used [0x00000000f8880000,0x00000000f8880000,0x00000000f9200000)
 ParOldGen       total 44032K, used 16265K [0x00000000c1800000, 0x00000000c4300000, 0x00000000eb300000)
  object space 44032K, 36% used [0x00000000c1800000,0x00000000c27e24c8,0x00000000c4300000)
 Metaspace       used 20607K, capacity 21116K, committed 21296K, reserved 1069056K
  class space    used 2465K, capacity 2642K, committed 2688K, reserved 1048576K
}
Event: 18.764 GC heap before
{Heap before GC invocations=10 (full 1):
 PSYoungGen      total 140288K, used 6784K [0x00000000eb300000, 0x00000000f9200000, 0x0000000100000000)
  eden space 130560K, 0% used [0x00000000eb300000,0x00000000eb300000,0x00000000f3280000)
  from space 9728K, 69% used [0x00000000f3280000,0x00000000f3920000,0x00000000f3c00000)
  to   space 9728K, 0% used [0x00000000f8880000,0x00000000f8880000,0x00000000f9200000)
 ParOldGen       total 44032K, used 16265K [0x00000000c1800000, 0x00000000c4300000, 0x00000000eb300000)
  object space 44032K, 36% used [0x00000000c1800000,0x00000000c27e24c8,0x00000000c4300000)
 Metaspace       used 20607K, capacity 21116K, committed 21296K, reserved 1069056K
  class space    used 2465K, capacity 2642K, committed 2688K, reserved 1048576K
Event: 18.885 GC heap after
Heap after GC invocations=10 (full 1):
 PSYoungGen      total 140288K, used 0K [0x00000000eb300000, 0x00000000f9200000, 0x0000000100000000)
  eden space 130560K, 0% used [0x00000000eb300000,0x00000000eb300000,0x00000000f3280000)
  from space 9728K, 0% used [0x00000000f3280000,0x00000000f3280000,0x00000000f3c00000)
  to   space 9728K, 0% used [0x00000000f8880000,0x00000000f8880000,0x00000000f9200000)
 ParOldGen       total 41472K, used 13696K [0x00000000c1800000, 0x00000000c4080000, 0x00000000eb300000)
  object space 41472K, 33% used [0x00000000c1800000,0x00000000c2560018,0x00000000c4080000)
 Metaspace       used 20607K, capacity 21116K, committed 21296K, reserved 1069056K
  class space    used 2465K, capacity 2642K, committed 2688K, reserved 1048576K
}

Deoptimization events (10 events):
Event: 13.316 Thread 0x00000000024ee000 Uncommon trap: reason=class_check action=maybe_recompile pc=0x0000000002b94d58 method=java.util.Hashtable.put(Ljava/lang/Object;Ljava/lang/Object;)Ljava/lang/Object; @ 18
Event: 13.319 Thread 0x00000000024ee000 Uncommon trap: reason=class_check action=maybe_recompile pc=0x0000000002bcd018 method=java.util.Hashtable.addEntry(ILjava/lang/Object;Ljava/lang/Object;I)V @ 38
Event: 13.325 Thread 0x00000000024ee000 Uncommon trap: reason=class_check action=maybe_recompile pc=0x0000000002bcd018 method=java.util.Hashtable.addEntry(ILjava/lang/Object;Ljava/lang/Object;I)V @ 38
Event: 13.335 Thread 0x00000000024ee000 Uncommon trap: reason=class_check action=maybe_recompile pc=0x0000000002bcd018 method=java.util.Hashtable.addEntry(ILjava/lang/Object;Ljava/lang/Object;I)V @ 38
Event: 18.730 Thread 0x00000000024ee000 Uncommon trap: reason=unstable_if action=reinterpret pc=0x00000000031c3e30 method=java.util.Hashtable.contains(Ljava/lang/Object;)Z @ 24
Event: 18.894 Thread 0x00000000024ee000 Uncommon trap: reason=class_check action=maybe_recompile pc=0x0000000002c05108 method=java.util.Hashtable.get(Ljava/lang/Object;)Ljava/lang/Object; @ 6
Event: 18.895 Thread 0x00000000024ee000 Uncommon trap: reason=class_check action=maybe_recompile pc=0x0000000002c05108 method=java.util.Hashtable.get(Ljava/lang/Object;)Ljava/lang/Object; @ 6
Event: 18.895 Thread 0x00000000024ee000 Uncommon trap: reason=class_check action=maybe_recompile pc=0x0000000002c05108 method=java.util.Hashtable.get(Ljava/lang/Object;)Ljava/lang/Object; @ 6
Event: 18.895 Thread 0x00000000024ee000 Uncommon trap: reason=class_check action=maybe_recompile pc=0x0000000002c05108 method=java.util.Hashtable.get(Ljava/lang/Object;)Ljava/lang/Object; @ 6
Event: 19.301 Thread 0x00000000024ee000 Uncommon trap: reason=bimorphic action=maybe_recompile pc=0x00000000031c19ec method=java.io.FileDescriptor.closeAll(Ljava/io/Closeable;)V @ 121

Internal exceptions (10 events):
Event: 2.410 Thread 0x00000000024ee000 Exception <a 'java/lang/NullPointerException'> (0x00000000ec1ab348) thrown at [C:\re\workspace\8-2-build-windows-amd64-cygwin\jdk8u71\5731\hotspot\src\share\vm\interpreter\linkResolver.cpp, line 1178]
Event: 2.410 Thread 0x00000000024ee000 Exception <a 'java/lang/NullPointerException'> (0x00000000ec1ab550) thrown at [C:\re\workspace\8-2-build-windows-amd64-cygwin\jdk8u71\5731\hotspot\src\share\vm\interpreter\linkResolver.cpp, line 1178]
Event: 2.411 Thread 0x00000000024ee000 Exception <a 'java/lang/NullPointerException'> (0x00000000ec1b2a98) thrown at [C:\re\workspace\8-2-build-windows-amd64-cygwin\jdk8u71\5731\hotspot\src\share\vm\interpreter\linkResolver.cpp, line 1178]
Event: 2.411 Thread 0x00000000024ee000 Exception <a 'java/lang/NullPointerException'> (0x00000000ec1b2ca0) thrown at [C:\re\workspace\8-2-build-windows-amd64-cygwin\jdk8u71\5731\hotspot\src\share\vm\interpreter\linkResolver.cpp, line 1178]
Event: 2.411 Thread 0x00000000024ee000 Exception <a 'java/lang/NullPointerException'> (0x00000000ec1b2ea8) thrown at [C:\re\workspace\8-2-build-windows-amd64-cygwin\jdk8u71\5731\hotspot\src\share\vm\interpreter\linkResolver.cpp, line 1178]
Event: 2.878 Thread 0x00000000024ee000 Implicit null exception at 0x0000000002ae08cb to 0x0000000002ae1b65
Event: 3.234 Thread 0x00000000024ee000 Implicit null exception at 0x0000000002876a15 to 0x0000000002876bed
Event: 3.236 Thread 0x00000000024ee000 Implicit null exception at 0x00000000027b572f to 0x00000000027b5799
Event: 4.623 Thread 0x00000000024ee000 Implicit null exception at 0x0000000002d57ebd to 0x0000000002d58301
Event: 6.472 Thread 0x00000000024ee000 Implicit null exception at 0x000000000284f39b to 0x000000000284f80d

Events (10 events):
Event: 19.423 loading class org/codehaus/plexus/util/xml/pull/XmlPullParserException
Event: 19.423 loading class org/codehaus/plexus/util/xml/pull/XmlPullParserException done
Event: 19.423 loading class org/codehaus/plexus/util/xml/pull/XmlPullParserException
Event: 19.423 loading class org/codehaus/plexus/util/xml/pull/XmlPullParserException done
Event: 19.423 loading class org/codehaus/plexus/util/xml/pull/XmlPullParserException
Event: 19.423 loading class org/codehaus/plexus/util/xml/pull/XmlPullParserException done
Event: 19.423 loading class org/codehaus/plexus/util/xml/XmlStreamReader
Event: 19.423 loading class org/codehaus/plexus/util/xml/XmlStreamReader done
Event: 19.423 loading class org/codehaus/plexus/util/xml/XmlStreamReader
Event: 19.423 loading class org/codehaus/plexus/util/xml/XmlStreamReader done


Dynamic libraries:
0x00007ff69c500000 - 0x00007ff69c537000 	C:\Program Files\Java\jdk1.8.0_71\bin\java.exe
0x00007ff99e2f0000 - 0x00007ff99e4e8000 	C:\Windows\SYSTEM32\ntdll.dll
0x00007ff99d940000 - 0x00007ff99d9ff000 	C:\Windows\System32\KERNEL32.DLL
0x00007ff99bcf0000 - 0x00007ff99bfc2000 	C:\Windows\System32\KERNELBASE.dll
0x00007ff99e150000 - 0x00007ff99e1fe000 	C:\Windows\System32\ADVAPI32.dll
0x00007ff99d840000 - 0x00007ff99d8de000 	C:\Windows\System32\msvcrt.dll
0x00007ff99d150000 - 0x00007ff99d1ec000 	C:\Windows\System32\sechost.dll
0x00007ff99cb90000 - 0x00007ff99ccb5000 	C:\Windows\System32\RPCRT4.dll
0x00007ff99c810000 - 0x00007ff99c9ad000 	C:\Windows\System32\USER32.dll
0x00007ff99bb20000 - 0x00007ff99bb42000 	C:\Windows\System32\win32u.dll
0x00007ff99d800000 - 0x00007ff99d82b000 	C:\Windows\System32\GDI32.dll
0x00007ff99bb50000 - 0x00007ff99bc5f000 	C:\Windows\System32\gdi32full.dll
0x00007ff99c1f0000 - 0x00007ff99c28d000 	C:\Windows\System32\msvcp_win.dll
0x00007ff99ba20000 - 0x00007ff99bb20000 	C:\Windows\System32\ucrtbase.dll
0x00007ff986570000 - 0x00007ff98680a000 	C:\Windows\WinSxS\amd64_microsoft.windows.common-controls_6595b64144ccf1df_6.0.19041.1110_none_60b5254171f9507e\COMCTL32.dll
0x00007ff99d6f0000 - 0x00007ff99d722000 	C:\Windows\System32\IMM32.DLL
0x000000006a900000 - 0x000000006a9d2000 	C:\Program Files\Java\jdk1.8.0_71\jre\bin\msvcr100.dll
0x000000006a9e0000 - 0x000000006b26f000 	C:\Program Files\Java\jdk1.8.0_71\jre\bin\server\jvm.dll
0x00007ff99cad0000 - 0x00007ff99cad8000 	C:\Windows\System32\PSAPI.DLL
0x00007ff99b020000 - 0x00007ff99b029000 	C:\Windows\SYSTEM32\WSOCK32.dll
0x00007ff99d570000 - 0x00007ff99d5db000 	C:\Windows\System32\WS2_32.dll
0x00007ff986870000 - 0x00007ff986897000 	C:\Windows\SYSTEM32\WINMM.dll
0x00007ff993020000 - 0x00007ff99302a000 	C:\Windows\SYSTEM32\VERSION.dll
0x000000006a8b0000 - 0x000000006a8bf000 	C:\Program Files\Java\jdk1.8.0_71\jre\bin\verify.dll
0x000000006a880000 - 0x000000006a8a9000 	C:\Program Files\Java\jdk1.8.0_71\jre\bin\java.dll
0x000000006a860000 - 0x000000006a876000 	C:\Program Files\Java\jdk1.8.0_71\jre\bin\zip.dll
0x00007ff99da00000 - 0x00007ff99e143000 	C:\Windows\System32\SHELL32.dll
0x00007ff999450000 - 0x00007ff999be2000 	C:\Windows\SYSTEM32\windows.storage.dll
0x00007ff99ccc0000 - 0x00007ff99d014000 	C:\Windows\System32\combase.dll
0x00007ff99ad60000 - 0x00007ff99ad90000 	C:\Windows\SYSTEM32\Wldp.dll
0x00007ff99cae0000 - 0x00007ff99cb8d000 	C:\Windows\System32\SHCORE.dll
0x00007ff99c340000 - 0x00007ff99c395000 	C:\Windows\System32\shlwapi.dll
0x00007ff99b930000 - 0x00007ff99b94f000 	C:\Windows\SYSTEM32\profapi.dll
0x0000000069ac0000 - 0x0000000069ae4000 	C:\Program Files\apache-maven-3.8.6\lib\jansi-native\Windows\x86_64\jansi.dll

VM Arguments:
jvm_args: -Dclassworlds.conf=C:\Program Files\apache-maven-3.8.6\bin\m2.conf -Dmaven.home=C:\Program Files\apache-maven-3.8.6 -Dlibrary.jansi.path=C:\Program Files\apache-maven-3.8.6\lib\jansi-native -Dmaven.multiModuleProjectDirectory=C:\Users\Amayuru indeewara\Downloads\epic\Struts2Project 
java_command: org.codehaus.plexus.classworlds.launcher.Launcher -Dmaven.ext.class.path=C:\Program Files\NetBeans 8.2\java\maven-nblib\netbeans-eventspy.jar -Dfile.encoding=UTF-8 install
java_class_path (initial): C:\Program Files\apache-maven-3.8.6\boot\plexus-classworlds-2.6.0.jar
Launcher Type: SUN_STANDARD

Environment Variables:
JAVA_HOME=C:\Program Files\Java\jdk1.8.0_71
PATH=C:\ProgramData\Oracle\Java\javapath;C:\Windows\system32;C:\Windows;C:\Windows\System32\Wbem;C:\Windows\System32\WindowsPowerShell\v1.0\;C:\Windows\System32\OpenSSH\;C:\Program Files (x86)\MySQL\MySQL Fabric 1.5 & MySQL Utilities 1.5\;C:\Program Files (x86)\MySQL\MySQL Fabric 1.5 & MySQL Utilities 1.5\Doctrine extensions for PHP\;C:\Program Files\Java\jdk1.8.0_71\bin;C:\Program Files\Git\cmd;C:\Program Files\apache-maven-3.8.6\bin;C:\Users\Amayuru indeewara\AppData\Local\Microsoft\WindowsApps;
USERNAME=Amayuru indeewara
OS=Windows_NT
PROCESSOR_IDENTIFIER=Intel64 Family 6 Model 61 Stepping 4, GenuineIntel



---------------  S Y S T E M  ---------------

OS: Windows 10.0 , 64 bit Build 19041 (10.0.19041.2251)

CPU:total 4 (2 cores per cpu, 2 threads per core) family 6 model 61 stepping 4, cmov, cx8, fxsr, mmx, sse, sse2, sse3, ssse3, sse4.1, sse4.2, popcnt, avx, avx2, aes, clmul, erms, 3dnowpref, lzcnt, ht, tsc, tscinvbit, bmi1, bmi2, adx

Memory: 4k page, physical 4094900k(467640k free), swap 6192052k(5136k free)

vm_info: Java HotSpot(TM) 64-Bit Server VM (25.71-b15) for windows-amd64 JRE (1.8.0_71-b15), built on Dec 22 2015 18:15:55 by "java_re" with MS VC++ 10.0 (VS2010)

time: Fri Nov 18 21:13:26 2022
elapsed time: 19 seconds (0d 0h 0m 19s)

