#
# There is insufficient memory for the Java Runtime Environment to continue.
# Native memory allocation (malloc) failed to allocate 673136 bytes for Chunk::new
# Possible reasons:
#   The system is out of physical RAM or swap space
#   In 32 bit mode, the process size limit was hit
# Possible solutions:
#   Reduce memory load on the system
#   Increase physical memory or swap space
#   Check if swap backing store is full
#   Use 64 bit Java on a 64 bit OS
#   Decrease Java heap size (-Xmx/-Xms)
#   Decrease number of Java threads
#   Decrease Java thread stack sizes (-Xss)
#   Set larger code cache with -XX:ReservedCodeCacheSize=
# This output file may be truncated or incomplete.
#
#  Out of Memory Error (allocation.cpp:390), pid=10364, tid=4692
#
# JRE version: Java(TM) SE Runtime Environment (8.0_71-b15) (build 1.8.0_71-b15)
# Java VM: Java HotSpot(TM) 64-Bit Server VM (25.71-b15 mixed mode windows-amd64 compressed oops)
# Failed to write core dump. Minidumps are not enabled by default on client versions of Windows
#

---------------  T H R E A D  ---------------

Current thread (0x0000000014fed800):  JavaThread "C2 CompilerThread0" daemon [_thread_in_native, id=4692, stack(0x0000000016640000,0x0000000016740000)]

Stack: [0x0000000016640000,0x0000000016740000]
[error occurred during error reporting (printing stack bounds), id 0xc0000005]

Native frames: (J=compiled Java code, j=interpreted, Vv=VM code, C=native code)


Current CompileTask:
C2:   3614 1356   !   4       java.net.URL::<init> (543 bytes)


---------------  P R O C E S S  ---------------

Java Threads: ( => current thread )
  0x0000000016847000 JavaThread "Service Thread" daemon [_thread_blocked, id=2596, stack(0x0000000016d40000,0x0000000016e40000)]
  0x0000000016843000 JavaThread "C1 CompilerThread2" daemon [_thread_in_native, id=9764, stack(0x0000000016c40000,0x0000000016d40000)]
  0x0000000015049800 JavaThread "C2 CompilerThread1" daemon [_thread_in_native, id=10944, stack(0x0000000016740000,0x0000000016840000)]
=>0x0000000014fed800 JavaThread "C2 CompilerThread0" daemon [_thread_in_native, id=4692, stack(0x0000000016640000,0x0000000016740000)]
  0x0000000014feb800 JavaThread "Attach Listener" daemon [_thread_blocked, id=6692, stack(0x0000000016540000,0x0000000016640000)]
  0x0000000014fea000 JavaThread "Signal Dispatcher" daemon [_thread_blocked, id=10284, stack(0x0000000016440000,0x0000000016540000)]
  0x00000000029f1800 JavaThread "Finalizer" daemon [_thread_blocked, id=1272, stack(0x0000000016240000,0x0000000016340000)]
  0x0000000014fb9800 JavaThread "Reference Handler" daemon [_thread_blocked, id=11184, stack(0x0000000016140000,0x0000000016240000)]
  0x000000000264e000 JavaThread "main" [_thread_in_Java, id=9856, stack(0x0000000002700000,0x0000000002800000)]

Other Threads:
  0x0000000014fb7800 VMThread [stack: 0x0000000016040000,0x0000000016140000] [id=10584]
  0x000000001686b000 WatcherThread [stack: 0x0000000016e40000,0x0000000016f40000] [id=2124]

VM state:not at safepoint (normal execution)

VM Mutex/Monitor currently owned by a thread: None

Heap:
 PSYoungGen      total 18944K, used 13291K [0x00000000eb300000, 0x00000000ec800000, 0x0000000100000000)
  eden space 16384K, 65% used [0x00000000eb300000,0x00000000ebd82dc8,0x00000000ec300000)
  from space 2560K, 98% used [0x00000000ec580000,0x00000000ec7f8020,0x00000000ec800000)
  to   space 2560K, 0% used [0x00000000ec300000,0x00000000ec300000,0x00000000ec580000)
 ParOldGen       total 44032K, used 6137K [0x00000000c1800000, 0x00000000c4300000, 0x00000000eb300000)
  object space 44032K, 13% used [0x00000000c1800000,0x00000000c1dfe778,0x00000000c4300000)
 Metaspace       used 13097K, capacity 13224K, committed 13312K, reserved 1060864K
  class space    used 1647K, capacity 1737K, committed 1792K, reserved 1048576K

Card table byte_map: [0x0000000011dc0000,0x0000000011fc0000] byte_map_base: 0x00000000117b4000

Marking Bits: (ParMarkBitMap*) 0x00000000580ef600
 Begin Bits: [0x0000000012510000, 0x00000000134b0000)
 End Bits:   [0x00000000134b0000, 0x0000000014450000)

Polling page: 0x0000000002550000

CodeCache: size=245760Kb used=5049Kb max_used=5060Kb free=240710Kb
 bounds [0x0000000002a00000, 0x0000000002f00000, 0x0000000011a00000]
 total_blobs=1796 nmethods=1469 adapters=239
 compilation: enabled

Compilation events (10 events):
Event: 3.607 Thread 0x0000000016843000 nmethod 1462 0x0000000002eeea50 code [0x0000000002eeec40, 0x0000000002eef598]
Event: 3.607 Thread 0x0000000016843000 1463       3       com.google.common.collect.AbstractMultimap::remove (34 bytes)
Event: 3.608 Thread 0x0000000016843000 nmethod 1463 0x0000000002ee9510 code [0x0000000002ee96a0, 0x0000000002ee9be8]
Event: 3.608 Thread 0x0000000016843000 1464       3       com.google.common.collect.AbstractMapBasedMultimap$WrappedCollection::remove (33 bytes)
Event: 3.608 Thread 0x0000000016843000 nmethod 1464 0x0000000002eee310 code [0x0000000002eee4a0, 0x0000000002eee8e8]
Event: 3.609 Thread 0x0000000016843000 1465       3       org.eclipse.sisu.bean.BeanPropertyField::getAnnotation (9 bytes)
Event: 3.610 Thread 0x0000000016843000 nmethod 1465 0x0000000002eed4d0 code [0x0000000002eed6c0, 0x0000000002eedf48]
Event: 3.611 Thread 0x0000000016843000 1466       3       java.util.Properties::getProperty (46 bytes)
Event: 3.611 Thread 0x0000000015049800 1467       4       org.eclipse.sisu.inject.InjectorBindings::isAssignableFrom (28 bytes)
Event: 3.611 Thread 0x0000000016843000 nmethod 1466 0x0000000002eefb50 code [0x0000000002eefce0, 0x0000000002ef01f8]

GC Heap History (8 events):
Event: 1.405 GC heap before
{Heap before GC invocations=1 (full 0):
 PSYoungGen      total 18944K, used 16384K [0x00000000eb300000, 0x00000000ec800000, 0x0000000100000000)
  eden space 16384K, 100% used [0x00000000eb300000,0x00000000ec300000,0x00000000ec300000)
  from space 2560K, 0% used [0x00000000ec580000,0x00000000ec580000,0x00000000ec800000)
  to   space 2560K, 0% used [0x00000000ec300000,0x00000000ec300000,0x00000000ec580000)
 ParOldGen       total 44032K, used 0K [0x00000000c1800000, 0x00000000c4300000, 0x00000000eb300000)
  object space 44032K, 0% used [0x00000000c1800000,0x00000000c1800000,0x00000000c4300000)
 Metaspace       used 6863K, capacity 6956K, committed 7040K, reserved 1056768K
  class space    used 797K, capacity 856K, committed 896K, reserved 1048576K
Event: 1.410 GC heap after
Heap after GC invocations=1 (full 0):
 PSYoungGen      total 18944K, used 2529K [0x00000000eb300000, 0x00000000ec800000, 0x0000000100000000)
  eden space 16384K, 0% used [0x00000000eb300000,0x00000000eb300000,0x00000000ec300000)
  from space 2560K, 98% used [0x00000000ec300000,0x00000000ec5784a0,0x00000000ec580000)
  to   space 2560K, 0% used [0x00000000ec580000,0x00000000ec580000,0x00000000ec800000)
 ParOldGen       total 44032K, used 1201K [0x00000000c1800000, 0x00000000c4300000, 0x00000000eb300000)
  object space 44032K, 2% used [0x00000000c1800000,0x00000000c192c4b0,0x00000000c4300000)
 Metaspace       used 6863K, capacity 6956K, committed 7040K, reserved 1056768K
  class space    used 797K, capacity 856K, committed 896K, reserved 1048576K
}
Event: 1.840 GC heap before
{Heap before GC invocations=2 (full 0):
 PSYoungGen      total 18944K, used 18913K [0x00000000eb300000, 0x00000000ec800000, 0x0000000100000000)
  eden space 16384K, 100% used [0x00000000eb300000,0x00000000ec300000,0x00000000ec300000)
  from space 2560K, 98% used [0x00000000ec300000,0x00000000ec5784a0,0x00000000ec580000)
  to   space 2560K, 0% used [0x00000000ec580000,0x00000000ec580000,0x00000000ec800000)
 ParOldGen       total 44032K, used 1201K [0x00000000c1800000, 0x00000000c4300000, 0x00000000eb300000)
  object space 44032K, 2% used [0x00000000c1800000,0x00000000c192c4b0,0x00000000c4300000)
 Metaspace       used 8281K, capacity 8412K, committed 8576K, reserved 1056768K
  class space    used 1005K, capacity 1080K, committed 1152K, reserved 1048576K
Event: 1.846 GC heap after
Heap after GC invocations=2 (full 0):
 PSYoungGen      total 18944K, used 2541K [0x00000000eb300000, 0x00000000ec800000, 0x0000000100000000)
  eden space 16384K, 0% used [0x00000000eb300000,0x00000000eb300000,0x00000000ec300000)
  from space 2560K, 99% used [0x00000000ec580000,0x00000000ec7fb730,0x00000000ec800000)
  to   space 2560K, 0% used [0x00000000ec300000,0x00000000ec300000,0x00000000ec580000)
 ParOldGen       total 44032K, used 1794K [0x00000000c1800000, 0x00000000c4300000, 0x00000000eb300000)
  object space 44032K, 4% used [0x00000000c1800000,0x00000000c19c08c8,0x00000000c4300000)
 Metaspace       used 8281K, capacity 8412K, committed 8576K, reserved 1056768K
  class space    used 1005K, capacity 1080K, committed 1152K, reserved 1048576K
}
Event: 2.227 GC heap before
{Heap before GC invocations=3 (full 0):
 PSYoungGen      total 18944K, used 18925K [0x00000000eb300000, 0x00000000ec800000, 0x0000000100000000)
  eden space 16384K, 100% used [0x00000000eb300000,0x00000000ec300000,0x00000000ec300000)
  from space 2560K, 99% used [0x00000000ec580000,0x00000000ec7fb730,0x00000000ec800000)
  to   space 2560K, 0% used [0x00000000ec300000,0x00000000ec300000,0x00000000ec580000)
 ParOldGen       total 44032K, used 1794K [0x00000000c1800000, 0x00000000c4300000, 0x00000000eb300000)
  object space 44032K, 4% used [0x00000000c1800000,0x00000000c19c08c8,0x00000000c4300000)
 Metaspace       used 9787K, capacity 9946K, committed 9984K, reserved 1058816K
  class space    used 1177K, capacity 1246K, committed 1280K, reserved 1048576K
Event: 2.238 GC heap after
Heap after GC invocations=3 (full 0):
 PSYoungGen      total 18944K, used 2545K [0x00000000eb300000, 0x00000000ec800000, 0x0000000100000000)
  eden space 16384K, 0% used [0x00000000eb300000,0x00000000eb300000,0x00000000ec300000)
  from space 2560K, 99% used [0x00000000ec300000,0x00000000ec57c598,0x00000000ec580000)
  to   space 2560K, 0% used [0x00000000ec580000,0x00000000ec580000,0x00000000ec800000)
 ParOldGen       total 44032K, used 3794K [0x00000000c1800000, 0x00000000c4300000, 0x00000000eb300000)
  object space 44032K, 8% used [0x00000000c1800000,0x00000000c1bb4990,0x00000000c4300000)
 Metaspace       used 9787K, capacity 9946K, committed 9984K, reserved 1058816K
  class space    used 1177K, capacity 1246K, committed 1280K, reserved 1048576K
}
Event: 2.988 GC heap before
{Heap before GC invocations=4 (full 0):
 PSYoungGen      total 18944K, used 18929K [0x00000000eb300000, 0x00000000ec800000, 0x0000000100000000)
  eden space 16384K, 100% used [0x00000000eb300000,0x00000000ec300000,0x00000000ec300000)
  from space 2560K, 99% used [0x00000000ec300000,0x00000000ec57c598,0x00000000ec580000)
  to   space 2560K, 0% used [0x00000000ec580000,0x00000000ec580000,0x00000000ec800000)
 ParOldGen       total 44032K, used 3794K [0x00000000c1800000, 0x00000000c4300000, 0x00000000eb300000)
  object space 44032K, 8% used [0x00000000c1800000,0x00000000c1bb4990,0x00000000c4300000)
 Metaspace       used 11661K, capacity 11810K, committed 12160K, reserved 1060864K
  class space    used 1449K, capacity 1544K, committed 1664K, reserved 1048576K
Event: 2.998 GC heap after
Heap after GC invocations=4 (full 0):
 PSYoungGen      total 18944K, used 2528K [0x00000000eb300000, 0x00000000ec800000, 0x0000000100000000)
  eden space 16384K, 0% used [0x00000000eb300000,0x00000000eb300000,0x00000000ec300000)
  from space 2560K, 98% used [0x00000000ec580000,0x00000000ec7f8020,0x00000000ec800000)
  to   space 2560K, 0% used [0x00000000ec300000,0x00000000ec300000,0x00000000ec580000)
 ParOldGen       total 44032K, used 6137K [0x00000000c1800000, 0x00000000c4300000, 0x00000000eb300000)
  object space 44032K, 13% used [0x00000000c1800000,0x00000000c1dfe778,0x00000000c4300000)
 Metaspace       used 11661K, capacity 11810K, committed 12160K, reserved 1060864K
  class space    used 1449K, capacity 1544K, committed 1664K, reserved 1048576K
}

Deoptimization events (9 events):
Event: 1.194 Thread 0x000000000264e000 Uncommon trap: reason=unstable_if action=reinterpret pc=0x0000000002b97b28 method=java.lang.String.indexOf([CII[CIII)I @ 3
Event: 1.515 Thread 0x000000000264e000 Uncommon trap: reason=unstable_if action=reinterpret pc=0x0000000002c5ad7c method=java.util.HashMap.getNode(ILjava/lang/Object;)Ljava/util/HashMap$Node; @ 129
Event: 1.712 Thread 0x000000000264e000 Uncommon trap: reason=unstable_if action=reinterpret pc=0x0000000002cbc378 method=org.codehaus.plexus.util.xml.pull.MXParser.nextImpl()I @ 241
Event: 1.806 Thread 0x000000000264e000 Uncommon trap: reason=unstable_if action=reinterpret pc=0x0000000002c61000 method=java.util.HashMap.getNode(ILjava/lang/Object;)Ljava/util/HashMap$Node; @ 129
Event: 1.829 Thread 0x000000000264e000 Uncommon trap: reason=range_check action=make_not_entrant pc=0x0000000002cb9ae0 method=sun.reflect.generics.parser.SignatureParser.current()C @ 34
Event: 2.077 Thread 0x000000000264e000 Uncommon trap: reason=unstable_if action=reinterpret pc=0x0000000002beef58 method=sun.misc.MetaIndex.mayContain(Ljava/lang/String;)Z @ 38
Event: 3.378 Thread 0x000000000264e000 Uncommon trap: reason=predicate action=maybe_recompile pc=0x0000000002c438b0 method=sun.net.www.ParseUtil.encodePath(Ljava/lang/String;Z)Ljava/lang/String; @ 36
Event: 3.401 Thread 0x000000000264e000 Uncommon trap: reason=unstable_if action=reinterpret pc=0x0000000002ea395c method=java.lang.ref.ReferenceQueue.poll()Ljava/lang/ref/Reference; @ 4
Event: 3.537 Thread 0x000000000264e000 Uncommon trap: reason=unstable_if action=reinterpret pc=0x0000000002ec2dd8 method=java.lang.reflect.Modifier.isSynthetic(I)Z @ 5

Internal exceptions (10 events):
Event: 0.714 Thread 0x000000000264e000 Exception <a 'java/lang/NullPointerException'> (0x00000000eb724840) thrown at [C:\re\workspace\8-2-build-windows-amd64-cygwin\jdk8u71\5731\hotspot\src\share\vm\interpreter\linkResolver.cpp, line 1178]
Event: 1.500 Thread 0x000000000264e000 Exception <a 'java/lang/ArrayIndexOutOfBoundsException'> (0x00000000eb584400) thrown at [C:\re\workspace\8-2-build-windows-amd64-cygwin\jdk8u71\5731\hotspot\src\share\vm\runtime\sharedRuntime.cpp, line 605]
Event: 1.504 Thread 0x000000000264e000 Exception <a 'java/lang/ArrayIndexOutOfBoundsException'> (0x00000000eb59dc00) thrown at [C:\re\workspace\8-2-build-windows-amd64-cygwin\jdk8u71\5731\hotspot\src\share\vm\runtime\sharedRuntime.cpp, line 605]
Event: 1.515 Thread 0x000000000264e000 Exception <a 'java/lang/ArrayIndexOutOfBoundsException'> (0x00000000eb5dd058) thrown at [C:\re\workspace\8-2-build-windows-amd64-cygwin\jdk8u71\5731\hotspot\src\share\vm\runtime\sharedRuntime.cpp, line 605]
Event: 1.522 Thread 0x000000000264e000 Exception <a 'java/lang/NoClassDefFoundError': javax/enterprise/inject/Typed> (0x00000000eb6069a8) thrown at [C:\re\workspace\8-2-build-windows-amd64-cygwin\jdk8u71\5731\hotspot\src\share\vm\classfile\systemDictionary.cpp, line 199]
Event: 1.726 Thread 0x000000000264e000 Exception <a 'java/lang/ArrayIndexOutOfBoundsException'> (0x00000000ebf70a10) thrown at [C:\re\workspace\8-2-build-windows-amd64-cygwin\jdk8u71\5731\hotspot\src\share\vm\runtime\sharedRuntime.cpp, line 605]
Event: 1.728 Thread 0x000000000264e000 Exception <a 'java/lang/ArrayIndexOutOfBoundsException'> (0x00000000ebf725a0) thrown at [C:\re\workspace\8-2-build-windows-amd64-cygwin\jdk8u71\5731\hotspot\src\share\vm\runtime\sharedRuntime.cpp, line 605]
Event: 1.829 Thread 0x000000000264e000 Exception <a 'java/lang/ArrayIndexOutOfBoundsException': 66> (0x00000000ec256c60) thrown at [C:\re\workspace\8-2-build-windows-amd64-cygwin\jdk8u71\5731\hotspot\src\share\vm\interpreter\interpreterRuntime.cpp, line 366]
Event: 3.376 Thread 0x000000000264e000 Exception <a 'java/lang/NoClassDefFoundError': com/google/inject/servlet/ServletModuleTargetVisitor> (0x00000000eba9e308) thrown at [C:\re\workspace\8-2-build-windows-amd64-cygwin\jdk8u71\5731\hotspot\src\share\vm\classfile\systemDictionary.cpp, line 199]
Event: 3.376 Thread 0x000000000264e000 Exception <a 'java/lang/NoClassDefFoundError'> (0x00000000eba9e308) thrown at [C:\re\workspace\8-2-build-windows-amd64-cygwin\jdk8u71\5731\hotspot\src\share\vm\prims\jvm.cpp, line 1390]

Events (10 events):
Event: 3.609 loading class org/apache/maven/plugin/PluginRealmCache
Event: 3.609 loading class org/apache/maven/plugin/PluginRealmCache done
Event: 3.609 loading class org/apache/maven/plugin/PluginDescriptorCache
Event: 3.609 loading class org/apache/maven/plugin/PluginDescriptorCache done
Event: 3.610 loading class org/apache/maven/classrealm/ClassRealmManager
Event: 3.610 loading class org/apache/maven/classrealm/ClassRealmManager done
Event: 3.610 loading class org/codehaus/plexus/PlexusContainer
Event: 3.610 loading class org/codehaus/plexus/PlexusContainer done
Event: 3.610 loading class org/codehaus/plexus/logging/LoggerManager
Event: 3.610 loading class org/codehaus/plexus/logging/LoggerManager done


Dynamic libraries:
0x00007ff793420000 - 0x00007ff793457000 	C:\Program Files\Java\jdk1.8.0_71\bin\java.exe
0x00007ffaef770000 - 0x00007ffaef968000 	C:\Windows\SYSTEM32\ntdll.dll
0x00007ffaef030000 - 0x00007ffaef0ef000 	C:\Windows\System32\KERNEL32.DLL
0x00007ffaecfa0000 - 0x00007ffaed272000 	C:\Windows\System32\KERNELBASE.dll
0x00007ffaee590000 - 0x00007ffaee63e000 	C:\Windows\System32\ADVAPI32.dll
0x00007ffaeef80000 - 0x00007ffaef01e000 	C:\Windows\System32\msvcrt.dll
0x00007ffaeee00000 - 0x00007ffaeee9c000 	C:\Windows\System32\sechost.dll
0x00007ffaedcb0000 - 0x00007ffaeddd5000 	C:\Windows\System32\RPCRT4.dll
0x00007ffaef0f0000 - 0x00007ffaef28d000 	C:\Windows\System32\USER32.dll
0x00007ffaecf70000 - 0x00007ffaecf92000 	C:\Windows\System32\win32u.dll
0x00007ffaee300000 - 0x00007ffaee32b000 	C:\Windows\System32\GDI32.dll
0x00007ffaed530000 - 0x00007ffaed63f000 	C:\Windows\System32\gdi32full.dll
0x00007ffaed3e0000 - 0x00007ffaed47d000 	C:\Windows\System32\msvcp_win.dll
0x00007ffaece70000 - 0x00007ffaecf70000 	C:\Windows\System32\ucrtbase.dll
0x00007ffaec280000 - 0x00007ffaec51a000 	C:\Windows\WinSxS\amd64_microsoft.windows.common-controls_6595b64144ccf1df_6.0.19041.1110_none_60b5254171f9507e\COMCTL32.dll
0x00007ffaedc70000 - 0x00007ffaedca2000 	C:\Windows\System32\IMM32.DLL
0x0000000057800000 - 0x00000000578d2000 	C:\Program Files\Java\jdk1.8.0_71\jre\bin\msvcr100.dll
0x00000000578e0000 - 0x000000005816f000 	C:\Program Files\Java\jdk1.8.0_71\jre\bin\server\jvm.dll
0x00007ffaef020000 - 0x00007ffaef028000 	C:\Windows\System32\PSAPI.DLL
0x00007ffaea050000 - 0x00007ffaea059000 	C:\Windows\SYSTEM32\WSOCK32.dll
0x00007ffaee640000 - 0x00007ffaee6ab000 	C:\Windows\System32\WS2_32.dll
0x00007ffad7e20000 - 0x00007ffad7e47000 	C:\Windows\SYSTEM32\WINMM.dll
0x00007ffae22f0000 - 0x00007ffae22fa000 	C:\Windows\SYSTEM32\VERSION.dll
0x00000000577b0000 - 0x00000000577bf000 	C:\Program Files\Java\jdk1.8.0_71\jre\bin\verify.dll
0x0000000057780000 - 0x00000000577a9000 	C:\Program Files\Java\jdk1.8.0_71\jre\bin\java.dll
0x0000000057760000 - 0x0000000057776000 	C:\Program Files\Java\jdk1.8.0_71\jre\bin\zip.dll
0x00007ffaee6b0000 - 0x00007ffaeedf3000 	C:\Windows\System32\SHELL32.dll
0x00007ffaea8d0000 - 0x00007ffaeb062000 	C:\Windows\SYSTEM32\windows.storage.dll
0x00007ffaed8a0000 - 0x00007ffaedbf4000 	C:\Windows\System32\combase.dll
0x00007ffaec1e0000 - 0x00007ffaec210000 	C:\Windows\SYSTEM32\Wldp.dll
0x00007ffaef680000 - 0x00007ffaef72d000 	C:\Windows\System32\SHCORE.dll
0x00007ffaef290000 - 0x00007ffaef2e5000 	C:\Windows\System32\shlwapi.dll
0x00007ffaecdb0000 - 0x00007ffaecdcf000 	C:\Windows\SYSTEM32\profapi.dll
0x0000000069ac0000 - 0x0000000069ae4000 	C:\Program Files\apache-maven-3.8.6\lib\jansi-native\Windows\x86_64\jansi.dll

VM Arguments:
jvm_args: -Dclassworlds.conf=C:\Program Files\apache-maven-3.8.6\bin\m2.conf -Dmaven.home=C:\Program Files\apache-maven-3.8.6 -Dlibrary.jansi.path=C:\Program Files\apache-maven-3.8.6\lib\jansi-native -Dmaven.multiModuleProjectDirectory=C:\Users\Amayuru indeewara\Downloads\epic\Struts2Project 
java_command: org.codehaus.plexus.classworlds.launcher.Launcher -Dmaven.ext.class.path=C:\Program Files\NetBeans 8.2\java\maven-nblib\netbeans-eventspy.jar -Dfile.encoding=UTF-8 install
java_class_path (initial): C:\Program Files\apache-maven-3.8.6\boot\plexus-classworlds-2.6.0.jar
Launcher Type: SUN_STANDARD

Environment Variables:
JAVA_HOME=C:\Program Files\Java\jdk1.8.0_71
PATH=C:\ProgramData\Oracle\Java\javapath;C:\Windows\system32;C:\Windows;C:\Windows\System32\Wbem;C:\Windows\System32\WindowsPowerShell\v1.0\;C:\Windows\System32\OpenSSH\;C:\Program Files (x86)\MySQL\MySQL Fabric 1.5 & MySQL Utilities 1.5\;C:\Program Files (x86)\MySQL\MySQL Fabric 1.5 & MySQL Utilities 1.5\Doctrine extensions for PHP\;C:\Program Files\Java\jdk1.8.0_71\bin;C:\Program Files\Git\cmd;C:\Program Files\apache-maven-3.8.6\bin;C:\Users\Amayuru indeewara\AppData\Local\Microsoft\WindowsApps;
USERNAME=Amayuru indeewara
OS=Windows_NT
PROCESSOR_IDENTIFIER=Intel64 Family 6 Model 61 Stepping 4, GenuineIntel



---------------  S Y S T E M  ---------------

OS: Windows 10.0 , 64 bit Build 19041 (10.0.19041.2251)

CPU:total 4 (2 cores per cpu, 2 threads per core) family 6 model 61 stepping 4, cmov, cx8, fxsr, mmx, sse, sse2, sse3, ssse3, sse4.1, sse4.2, popcnt, avx, avx2, aes, clmul, erms, 3dnowpref, lzcnt, ht, tsc, tscinvbit, bmi1, bmi2, adx

Memory: 4k page, physical 4094900k(438336k free), swap 6192052k(5740k free)

vm_info: Java HotSpot(TM) 64-Bit Server VM (25.71-b15) for windows-amd64 JRE (1.8.0_71-b15), built on Dec 22 2015 18:15:55 by "java_re" with MS VC++ 10.0 (VS2010)

time: Thu Nov 17 11:34:37 2022
elapsed time: 3 seconds (0d 0h 0m 3s)

