#
# There is insufficient memory for the Java Runtime Environment to continue.
# Native memory allocation (malloc) failed to allocate 1768176 bytes for Chunk::new
# Possible reasons:
#   The system is out of physical RAM or swap space
#   In 32 bit mode, the process size limit was hit
# Possible solutions:
#   Reduce memory load on the system
#   Increase physical memory or swap space
#   Check if swap backing store is full
#   Use 64 bit Java on a 64 bit OS
#   Decrease Java heap size (-Xmx/-Xms)
#   Decrease number of Java threads
#   Decrease Java thread stack sizes (-Xss)
#   Set larger code cache with -XX:ReservedCodeCacheSize=
# This output file may be truncated or incomplete.
#
#  Out of Memory Error (allocation.cpp:390), pid=10956, tid=7468
#
# JRE version: Java(TM) SE Runtime Environment (8.0_71-b15) (build 1.8.0_71-b15)
# Java VM: Java HotSpot(TM) 64-Bit Server VM (25.71-b15 mixed mode windows-amd64 compressed oops)
# Failed to write core dump. Minidumps are not enabled by default on client versions of Windows
#

---------------  T H R E A D  ---------------

Current thread (0x00000000153e2800):  JavaThread "C2 CompilerThread1" daemon [_thread_in_native, id=7468, stack(0x0000000016b50000,0x0000000016c50000)]

Stack: [0x0000000016b50000,0x0000000016c50000]
[error occurred during error reporting (printing stack bounds), id 0xc0000005]

Native frames: (J=compiled Java code, j=interpreted, Vv=VM code, C=native code)


Current CompileTask:
C2:   3793 1540       4       java.net.URLClassLoader$1::run (5 bytes)


---------------  P R O C E S S  ---------------

Java Threads: ( => current thread )
  0x0000000016d80800 JavaThread "Service Thread" daemon [_thread_blocked, id=1972, stack(0x0000000017150000,0x0000000017250000)]
  0x00000000153f1000 JavaThread "C1 CompilerThread2" daemon [_thread_blocked, id=10408, stack(0x0000000016c50000,0x0000000016d50000)]
=>0x00000000153e2800 JavaThread "C2 CompilerThread1" daemon [_thread_in_native, id=7468, stack(0x0000000016b50000,0x0000000016c50000)]
  0x00000000153dd800 JavaThread "C2 CompilerThread0" daemon [_thread_in_native, id=7872, stack(0x0000000016a50000,0x0000000016b50000)]
  0x00000000153db800 JavaThread "Attach Listener" daemon [_thread_blocked, id=1860, stack(0x0000000016950000,0x0000000016a50000)]
  0x00000000153da000 JavaThread "Signal Dispatcher" daemon [_thread_blocked, id=10488, stack(0x0000000016850000,0x0000000016950000)]
  0x0000000002de8800 JavaThread "Finalizer" daemon [_thread_blocked, id=5288, stack(0x0000000016650000,0x0000000016750000)]
  0x00000000153a9800 JavaThread "Reference Handler" daemon [_thread_blocked, id=1108, stack(0x0000000016550000,0x0000000016650000)]
  0x0000000000f0e000 JavaThread "main" [_thread_in_native, id=9316, stack(0x0000000002b00000,0x0000000002c00000)]

Other Threads:
  0x00000000153a7800 VMThread [stack: 0x0000000016450000,0x0000000016550000] [id=5376]
  0x0000000016da4000 WatcherThread [stack: 0x0000000017250000,0x0000000017350000] [id=7068]

VM state:not at safepoint (normal execution)

VM Mutex/Monitor currently owned by a thread: None

Heap:
 PSYoungGen      total 35328K, used 16989K [0x00000000eb300000, 0x00000000ed800000, 0x0000000100000000)
  eden space 32768K, 44% used [0x00000000eb300000,0x00000000ec11b6a8,0x00000000ed300000)
  from space 2560K, 99% used [0x00000000ed580000,0x00000000ed7fc010,0x00000000ed800000)
  to   space 2560K, 0% used [0x00000000ed300000,0x00000000ed300000,0x00000000ed580000)
 ParOldGen       total 44032K, used 6018K [0x00000000c1800000, 0x00000000c4300000, 0x00000000eb300000)
  object space 44032K, 13% used [0x00000000c1800000,0x00000000c1de0838,0x00000000c4300000)
 Metaspace       used 13504K, capacity 13694K, committed 13824K, reserved 1060864K
  class space    used 1686K, capacity 1778K, committed 1792K, reserved 1048576K

Card table byte_map: [0x00000000121b0000,0x00000000123b0000] byte_map_base: 0x0000000011ba4000

Marking Bits: (ParMarkBitMap*) 0x00000000580ef600
 Begin Bits: [0x0000000012900000, 0x00000000138a0000)
 End Bits:   [0x00000000138a0000, 0x0000000014840000)

Polling page: 0x0000000000f10000

CodeCache: size=245760Kb used=5244Kb max_used=5244Kb free=240515Kb
 bounds [0x0000000002df0000, 0x0000000003320000, 0x0000000011df0000]
 total_blobs=1878 nmethods=1551 adapters=239
 compilation: enabled

Compilation events (10 events):
Event: 3.788 Thread 0x00000000153f1000 1553       3       java.util.concurrent.locks.ReentrantLock::<init> (16 bytes)
Event: 3.789 Thread 0x00000000153f1000 nmethod 1553 0x0000000003310e50 code [0x0000000003310fe0, 0x00000000033113d0]
Event: 3.789 Thread 0x00000000153f1000 1554       3       java.util.concurrent.locks.ReentrantLock$NonfairSync::<init> (5 bytes)
Event: 3.789 Thread 0x00000000153f1000 nmethod 1554 0x00000000033115d0 code [0x0000000003311740, 0x0000000003311a10]
Event: 3.789 Thread 0x00000000153f1000 1555       3       java.util.concurrent.locks.ReentrantLock$Sync::<init> (5 bytes)
Event: 3.789 Thread 0x00000000153f1000 nmethod 1555 0x0000000003311b50 code [0x0000000003311cc0, 0x0000000003311f30]
Event: 3.789 Thread 0x00000000153f1000 1556       3       java.util.concurrent.locks.AbstractQueuedSynchronizer::<init> (5 bytes)
Event: 3.790 Thread 0x00000000153f1000 nmethod 1556 0x0000000003312050 code [0x00000000033121c0, 0x00000000033123d0]
Event: 3.790 Thread 0x00000000153f1000 1557       3       java.util.concurrent.locks.AbstractOwnableSynchronizer::<init> (5 bytes)
Event: 3.790 Thread 0x00000000153f1000 nmethod 1557 0x0000000003312490 code [0x00000000033125e0, 0x0000000003312790]

GC Heap History (8 events):
Event: 1.000 GC heap before
{Heap before GC invocations=1 (full 0):
 PSYoungGen      total 18944K, used 16384K [0x00000000eb300000, 0x00000000ec800000, 0x0000000100000000)
  eden space 16384K, 100% used [0x00000000eb300000,0x00000000ec300000,0x00000000ec300000)
  from space 2560K, 0% used [0x00000000ec580000,0x00000000ec580000,0x00000000ec800000)
  to   space 2560K, 0% used [0x00000000ec300000,0x00000000ec300000,0x00000000ec580000)
 ParOldGen       total 44032K, used 0K [0x00000000c1800000, 0x00000000c4300000, 0x00000000eb300000)
  object space 44032K, 0% used [0x00000000c1800000,0x00000000c1800000,0x00000000c4300000)
 Metaspace       used 6866K, capacity 6956K, committed 7040K, reserved 1056768K
  class space    used 796K, capacity 856K, committed 896K, reserved 1048576K
Event: 1.006 GC heap after
Heap after GC invocations=1 (full 0):
 PSYoungGen      total 18944K, used 2546K [0x00000000eb300000, 0x00000000ec800000, 0x0000000100000000)
  eden space 16384K, 0% used [0x00000000eb300000,0x00000000eb300000,0x00000000ec300000)
  from space 2560K, 99% used [0x00000000ec300000,0x00000000ec57c820,0x00000000ec580000)
  to   space 2560K, 0% used [0x00000000ec580000,0x00000000ec580000,0x00000000ec800000)
 ParOldGen       total 44032K, used 1187K [0x00000000c1800000, 0x00000000c4300000, 0x00000000eb300000)
  object space 44032K, 2% used [0x00000000c1800000,0x00000000c1928c30,0x00000000c4300000)
 Metaspace       used 6866K, capacity 6956K, committed 7040K, reserved 1056768K
  class space    used 796K, capacity 856K, committed 896K, reserved 1048576K
}
Event: 1.531 GC heap before
{Heap before GC invocations=2 (full 0):
 PSYoungGen      total 18944K, used 18930K [0x00000000eb300000, 0x00000000ec800000, 0x0000000100000000)
  eden space 16384K, 100% used [0x00000000eb300000,0x00000000ec300000,0x00000000ec300000)
  from space 2560K, 99% used [0x00000000ec300000,0x00000000ec57c820,0x00000000ec580000)
  to   space 2560K, 0% used [0x00000000ec580000,0x00000000ec580000,0x00000000ec800000)
 ParOldGen       total 44032K, used 1187K [0x00000000c1800000, 0x00000000c4300000, 0x00000000eb300000)
  object space 44032K, 2% used [0x00000000c1800000,0x00000000c1928c30,0x00000000c4300000)
 Metaspace       used 8284K, capacity 8412K, committed 8576K, reserved 1056768K
  class space    used 1004K, capacity 1080K, committed 1152K, reserved 1048576K
Event: 1.537 GC heap after
Heap after GC invocations=2 (full 0):
 PSYoungGen      total 18944K, used 2559K [0x00000000eb300000, 0x00000000ec800000, 0x0000000100000000)
  eden space 16384K, 0% used [0x00000000eb300000,0x00000000eb300000,0x00000000ec300000)
  from space 2560K, 99% used [0x00000000ec580000,0x00000000ec7ffff0,0x00000000ec800000)
  to   space 2560K, 0% used [0x00000000ec300000,0x00000000ec300000,0x00000000ec580000)
 ParOldGen       total 44032K, used 1715K [0x00000000c1800000, 0x00000000c4300000, 0x00000000eb300000)
  object space 44032K, 3% used [0x00000000c1800000,0x00000000c19acec8,0x00000000c4300000)
 Metaspace       used 8284K, capacity 8412K, committed 8576K, reserved 1056768K
  class space    used 1004K, capacity 1080K, committed 1152K, reserved 1048576K
}
Event: 1.937 GC heap before
{Heap before GC invocations=3 (full 0):
 PSYoungGen      total 18944K, used 18943K [0x00000000eb300000, 0x00000000ec800000, 0x0000000100000000)
  eden space 16384K, 100% used [0x00000000eb300000,0x00000000ec300000,0x00000000ec300000)
  from space 2560K, 99% used [0x00000000ec580000,0x00000000ec7ffff0,0x00000000ec800000)
  to   space 2560K, 0% used [0x00000000ec300000,0x00000000ec300000,0x00000000ec580000)
 ParOldGen       total 44032K, used 1715K [0x00000000c1800000, 0x00000000c4300000, 0x00000000eb300000)
  object space 44032K, 3% used [0x00000000c1800000,0x00000000c19acec8,0x00000000c4300000)
 Metaspace       used 9785K, capacity 9946K, committed 9984K, reserved 1058816K
  class space    used 1177K, capacity 1246K, committed 1280K, reserved 1048576K
Event: 1.942 GC heap after
Heap after GC invocations=3 (full 0):
 PSYoungGen      total 18944K, used 2558K [0x00000000eb300000, 0x00000000ed800000, 0x0000000100000000)
  eden space 16384K, 0% used [0x00000000eb300000,0x00000000eb300000,0x00000000ec300000)
  from space 2560K, 99% used [0x00000000ec300000,0x00000000ec57fac0,0x00000000ec580000)
  to   space 2560K, 0% used [0x00000000ed580000,0x00000000ed580000,0x00000000ed800000)
 ParOldGen       total 44032K, used 3677K [0x00000000c1800000, 0x00000000c4300000, 0x00000000eb300000)
  object space 44032K, 8% used [0x00000000c1800000,0x00000000c1b97648,0x00000000c4300000)
 Metaspace       used 9785K, capacity 9946K, committed 9984K, reserved 1058816K
  class space    used 1177K, capacity 1246K, committed 1280K, reserved 1048576K
}
Event: 2.759 GC heap before
{Heap before GC invocations=4 (full 0):
 PSYoungGen      total 18944K, used 18942K [0x00000000eb300000, 0x00000000ed800000, 0x0000000100000000)
  eden space 16384K, 100% used [0x00000000eb300000,0x00000000ec300000,0x00000000ec300000)
  from space 2560K, 99% used [0x00000000ec300000,0x00000000ec57fac0,0x00000000ec580000)
  to   space 2560K, 0% used [0x00000000ed580000,0x00000000ed580000,0x00000000ed800000)
 ParOldGen       total 44032K, used 3677K [0x00000000c1800000, 0x00000000c4300000, 0x00000000eb300000)
  object space 44032K, 8% used [0x00000000c1800000,0x00000000c1b97648,0x00000000c4300000)
 Metaspace       used 11647K, capacity 11810K, committed 12160K, reserved 1060864K
  class space    used 1448K, capacity 1544K, committed 1664K, reserved 1048576K
Event: 2.769 GC heap after
Heap after GC invocations=4 (full 0):
 PSYoungGen      total 35328K, used 2544K [0x00000000eb300000, 0x00000000ed800000, 0x0000000100000000)
  eden space 32768K, 0% used [0x00000000eb300000,0x00000000eb300000,0x00000000ed300000)
  from space 2560K, 99% used [0x00000000ed580000,0x00000000ed7fc010,0x00000000ed800000)
  to   space 2560K, 0% used [0x00000000ed300000,0x00000000ed300000,0x00000000ed580000)
 ParOldGen       total 44032K, used 6018K [0x00000000c1800000, 0x00000000c4300000, 0x00000000eb300000)
  object space 44032K, 13% used [0x00000000c1800000,0x00000000c1de0838,0x00000000c4300000)
 Metaspace       used 11647K, capacity 11810K, committed 12160K, reserved 1060864K
  class space    used 1448K, capacity 1544K, committed 1664K, reserved 1048576K
}

Deoptimization events (10 events):
Event: 1.396 Thread 0x0000000000f0e000 Uncommon trap: reason=unstable_if action=reinterpret pc=0x0000000003093378 method=org.codehaus.plexus.util.xml.pull.MXParser.nextImpl()I @ 241
Event: 1.497 Thread 0x0000000000f0e000 Uncommon trap: reason=unstable_if action=reinterpret pc=0x000000000305d900 method=java.util.HashMap.getNode(ILjava/lang/Object;)Ljava/util/HashMap$Node; @ 129
Event: 1.520 Thread 0x0000000000f0e000 Uncommon trap: reason=range_check action=make_not_entrant pc=0x00000000030eaca0 method=sun.reflect.generics.parser.SignatureParser.current()C @ 34
Event: 1.783 Thread 0x0000000000f0e000 Uncommon trap: reason=unstable_if action=reinterpret pc=0x0000000002ff0138 method=sun.misc.MetaIndex.mayContain(Ljava/lang/String;)Z @ 38
Event: 3.188 Thread 0x0000000000f0e000 Uncommon trap: reason=predicate action=maybe_recompile pc=0x0000000003035f70 method=sun.net.www.ParseUtil.encodePath(Ljava/lang/String;Z)Ljava/lang/String; @ 36
Event: 3.244 Thread 0x0000000000f0e000 Uncommon trap: reason=unstable_if action=reinterpret pc=0x000000000327cb9c method=java.lang.ref.ReferenceQueue.poll()Ljava/lang/ref/Reference; @ 4
Event: 3.577 Thread 0x0000000000f0e000 Uncommon trap: reason=unstable_if action=reinterpret pc=0x00000000032d9b50 method=org.eclipse.sisu.inject.InjectorBindings.isAssignableFrom(Lcom/google/inject/TypeLiteral;Lcom/google/inject/Binding;)Z @ 14
Event: 3.651 Thread 0x0000000000f0e000 Uncommon trap: reason=unstable_if action=reinterpret pc=0x00000000030a0504 method=sun.nio.cs.StreamDecoder.implRead([CII)I @ 36
Event: 3.652 Thread 0x0000000000f0e000 Uncommon trap: reason=unstable_if action=reinterpret pc=0x0000000003095fa8 method=sun.nio.cs.StreamDecoder.implRead([CII)I @ 36
Event: 3.758 Thread 0x0000000000f0e000 Uncommon trap: reason=unstable_if action=reinterpret pc=0x0000000003091314 method=sun.nio.cs.StreamDecoder.implRead([CII)I @ 36

Internal exceptions (10 events):
Event: 0.436 Thread 0x0000000000f0e000 Exception <a 'java/lang/NullPointerException'> (0x00000000eb722fe8) thrown at [C:\re\workspace\8-2-build-windows-amd64-cygwin\jdk8u71\5731\hotspot\src\share\vm\interpreter\linkResolver.cpp, line 1178]
Event: 1.148 Thread 0x0000000000f0e000 Exception <a 'java/lang/ArrayIndexOutOfBoundsException'> (0x00000000eb582548) thrown at [C:\re\workspace\8-2-build-windows-amd64-cygwin\jdk8u71\5731\hotspot\src\share\vm\runtime\sharedRuntime.cpp, line 605]
Event: 1.156 Thread 0x0000000000f0e000 Exception <a 'java/lang/ArrayIndexOutOfBoundsException'> (0x00000000eb59bd48) thrown at [C:\re\workspace\8-2-build-windows-amd64-cygwin\jdk8u71\5731\hotspot\src\share\vm\runtime\sharedRuntime.cpp, line 605]
Event: 1.171 Thread 0x0000000000f0e000 Exception <a 'java/lang/ArrayIndexOutOfBoundsException'> (0x00000000eb5db1b0) thrown at [C:\re\workspace\8-2-build-windows-amd64-cygwin\jdk8u71\5731\hotspot\src\share\vm\runtime\sharedRuntime.cpp, line 605]
Event: 1.178 Thread 0x0000000000f0e000 Exception <a 'java/lang/NoClassDefFoundError': javax/enterprise/inject/Typed> (0x00000000eb604ae8) thrown at [C:\re\workspace\8-2-build-windows-amd64-cygwin\jdk8u71\5731\hotspot\src\share\vm\classfile\systemDictionary.cpp, line 199]
Event: 1.409 Thread 0x0000000000f0e000 Exception <a 'java/lang/ArrayIndexOutOfBoundsException'> (0x00000000ebf70718) thrown at [C:\re\workspace\8-2-build-windows-amd64-cygwin\jdk8u71\5731\hotspot\src\share\vm\runtime\sharedRuntime.cpp, line 605]
Event: 1.410 Thread 0x0000000000f0e000 Exception <a 'java/lang/ArrayIndexOutOfBoundsException'> (0x00000000ebf722a8) thrown at [C:\re\workspace\8-2-build-windows-amd64-cygwin\jdk8u71\5731\hotspot\src\share\vm\runtime\sharedRuntime.cpp, line 605]
Event: 1.520 Thread 0x0000000000f0e000 Exception <a 'java/lang/ArrayIndexOutOfBoundsException': 66> (0x00000000ec2360a0) thrown at [C:\re\workspace\8-2-build-windows-amd64-cygwin\jdk8u71\5731\hotspot\src\share\vm\interpreter\interpreterRuntime.cpp, line 366]
Event: 3.187 Thread 0x0000000000f0e000 Exception <a 'java/lang/NoClassDefFoundError': com/google/inject/servlet/ServletModuleTargetVisitor> (0x00000000ebabfda0) thrown at [C:\re\workspace\8-2-build-windows-amd64-cygwin\jdk8u71\5731\hotspot\src\share\vm\classfile\systemDictionary.cpp, line 199]
Event: 3.187 Thread 0x0000000000f0e000 Exception <a 'java/lang/NoClassDefFoundError'> (0x00000000ebabfda0) thrown at [C:\re\workspace\8-2-build-windows-amd64-cygwin\jdk8u71\5731\hotspot\src\share\vm\prims\jvm.cpp, line 1390]

Events (10 events):
Event: 3.784 loading class org/apache/maven/artifact/repository/layout/ArtifactRepositoryLayout2
Event: 3.784 loading class org/apache/maven/artifact/repository/layout/ArtifactRepositoryLayout2 done
Event: 3.785 loading class org/apache/maven/artifact/repository/MavenArtifactRepository
Event: 3.785 loading class org/apache/maven/artifact/repository/MavenArtifactRepository done
Event: 3.787 loading class org/apache/maven/execution/DefaultMavenExecutionResult
Event: 3.787 loading class org/apache/maven/execution/DefaultMavenExecutionResult done
Event: 3.789 loading class org/apache/maven/repository/internal/MavenRepositorySystemUtils
Event: 3.789 loading class org/apache/maven/repository/internal/MavenRepositorySystemUtils done
Event: 3.790 loading class org/eclipse/aether/util/graph/transformer/ConflictResolver$ScopeDeriver
Event: 3.790 loading class org/eclipse/aether/util/graph/transformer/ConflictResolver$ScopeDeriver done


Dynamic libraries:
0x00007ff793420000 - 0x00007ff793457000 	C:\Program Files\Java\jdk1.8.0_71\bin\java.exe
0x00007ffaef770000 - 0x00007ffaef968000 	C:\Windows\SYSTEM32\ntdll.dll
0x00007ffaef030000 - 0x00007ffaef0ef000 	C:\Windows\System32\KERNEL32.DLL
0x00007ffaecfa0000 - 0x00007ffaed272000 	C:\Windows\System32\KERNELBASE.dll
0x00007ffaee590000 - 0x00007ffaee63e000 	C:\Windows\System32\ADVAPI32.dll
0x00007ffaeef80000 - 0x00007ffaef01e000 	C:\Windows\System32\msvcrt.dll
0x00007ffaeee00000 - 0x00007ffaeee9c000 	C:\Windows\System32\sechost.dll
0x00007ffaedcb0000 - 0x00007ffaeddd5000 	C:\Windows\System32\RPCRT4.dll
0x00007ffaef0f0000 - 0x00007ffaef28d000 	C:\Windows\System32\USER32.dll
0x00007ffaecf70000 - 0x00007ffaecf92000 	C:\Windows\System32\win32u.dll
0x00007ffaee300000 - 0x00007ffaee32b000 	C:\Windows\System32\GDI32.dll
0x00007ffaed530000 - 0x00007ffaed63f000 	C:\Windows\System32\gdi32full.dll
0x00007ffaed3e0000 - 0x00007ffaed47d000 	C:\Windows\System32\msvcp_win.dll
0x00007ffaece70000 - 0x00007ffaecf70000 	C:\Windows\System32\ucrtbase.dll
0x00007ffaec280000 - 0x00007ffaec51a000 	C:\Windows\WinSxS\amd64_microsoft.windows.common-controls_6595b64144ccf1df_6.0.19041.1110_none_60b5254171f9507e\COMCTL32.dll
0x00007ffaedc70000 - 0x00007ffaedca2000 	C:\Windows\System32\IMM32.DLL
0x0000000057800000 - 0x00000000578d2000 	C:\Program Files\Java\jdk1.8.0_71\jre\bin\msvcr100.dll
0x00000000578e0000 - 0x000000005816f000 	C:\Program Files\Java\jdk1.8.0_71\jre\bin\server\jvm.dll
0x00007ffaef020000 - 0x00007ffaef028000 	C:\Windows\System32\PSAPI.DLL
0x00007ffaea050000 - 0x00007ffaea059000 	C:\Windows\SYSTEM32\WSOCK32.dll
0x00007ffaee640000 - 0x00007ffaee6ab000 	C:\Windows\System32\WS2_32.dll
0x00007ffad7e20000 - 0x00007ffad7e47000 	C:\Windows\SYSTEM32\WINMM.dll
0x00007ffae22f0000 - 0x00007ffae22fa000 	C:\Windows\SYSTEM32\VERSION.dll
0x00000000577b0000 - 0x00000000577bf000 	C:\Program Files\Java\jdk1.8.0_71\jre\bin\verify.dll
0x0000000057780000 - 0x00000000577a9000 	C:\Program Files\Java\jdk1.8.0_71\jre\bin\java.dll
0x0000000057760000 - 0x0000000057776000 	C:\Program Files\Java\jdk1.8.0_71\jre\bin\zip.dll
0x00007ffaee6b0000 - 0x00007ffaeedf3000 	C:\Windows\System32\SHELL32.dll
0x00007ffaea8d0000 - 0x00007ffaeb062000 	C:\Windows\SYSTEM32\windows.storage.dll
0x00007ffaed8a0000 - 0x00007ffaedbf4000 	C:\Windows\System32\combase.dll
0x00007ffaec1e0000 - 0x00007ffaec210000 	C:\Windows\SYSTEM32\Wldp.dll
0x00007ffaef680000 - 0x00007ffaef72d000 	C:\Windows\System32\SHCORE.dll
0x00007ffaef290000 - 0x00007ffaef2e5000 	C:\Windows\System32\shlwapi.dll
0x00007ffaecdb0000 - 0x00007ffaecdcf000 	C:\Windows\SYSTEM32\profapi.dll
0x0000000069ac0000 - 0x0000000069ae4000 	C:\Program Files\apache-maven-3.8.6\lib\jansi-native\Windows\x86_64\jansi.dll

VM Arguments:
jvm_args: -Dclassworlds.conf=C:\Program Files\apache-maven-3.8.6\bin\m2.conf -Dmaven.home=C:\Program Files\apache-maven-3.8.6 -Dlibrary.jansi.path=C:\Program Files\apache-maven-3.8.6\lib\jansi-native -Dmaven.multiModuleProjectDirectory=C:\Users\Amayuru indeewara\Downloads\epic\Struts2Project 
java_command: org.codehaus.plexus.classworlds.launcher.Launcher -Dmaven.ext.class.path=C:\Program Files\NetBeans 8.2\java\maven-nblib\netbeans-eventspy.jar -Dfile.encoding=UTF-8 install
java_class_path (initial): C:\Program Files\apache-maven-3.8.6\boot\plexus-classworlds-2.6.0.jar
Launcher Type: SUN_STANDARD

Environment Variables:
JAVA_HOME=C:\Program Files\Java\jdk1.8.0_71
PATH=C:\ProgramData\Oracle\Java\javapath;C:\Windows\system32;C:\Windows;C:\Windows\System32\Wbem;C:\Windows\System32\WindowsPowerShell\v1.0\;C:\Windows\System32\OpenSSH\;C:\Program Files (x86)\MySQL\MySQL Fabric 1.5 & MySQL Utilities 1.5\;C:\Program Files (x86)\MySQL\MySQL Fabric 1.5 & MySQL Utilities 1.5\Doctrine extensions for PHP\;C:\Program Files\Java\jdk1.8.0_71\bin;C:\Program Files\Git\cmd;C:\Program Files\apache-maven-3.8.6\bin;C:\Users\Amayuru indeewara\AppData\Local\Microsoft\WindowsApps;
USERNAME=Amayuru indeewara
OS=Windows_NT
PROCESSOR_IDENTIFIER=Intel64 Family 6 Model 61 Stepping 4, GenuineIntel



---------------  S Y S T E M  ---------------

OS: Windows 10.0 , 64 bit Build 19041 (10.0.19041.2251)

CPU:total 4 (2 cores per cpu, 2 threads per core) family 6 model 61 stepping 4, cmov, cx8, fxsr, mmx, sse, sse2, sse3, ssse3, sse4.1, sse4.2, popcnt, avx, avx2, aes, clmul, erms, 3dnowpref, lzcnt, ht, tsc, tscinvbit, bmi1, bmi2, adx

Memory: 4k page, physical 4094900k(394632k free), swap 6192052k(7772k free)

vm_info: Java HotSpot(TM) 64-Bit Server VM (25.71-b15) for windows-amd64 JRE (1.8.0_71-b15), built on Dec 22 2015 18:15:55 by "java_re" with MS VC++ 10.0 (VS2010)

time: Thu Nov 17 11:25:34 2022
elapsed time: 3 seconds (0d 0h 0m 3s)

